<?xml version="1.0" encoding="UTF-8"?>
<!-- Generated by org.testng.reporters.JUnitReportReporter -->
<testsuite skipped="0" hostname="DESKTOP-F8039K4" name="tests.LoginTest" tests="4" failures="0" timestamp="20 May 2019 07:21:06 GMT" time="4.380" errors="0">
  <testcase name="doLogin" time="0.884" classname="tests.LoginTest"/>
  <testcase name="doLogin" time="1.881" classname="tests.LoginTest"/>
  <testcase name="doLogin" time="0.844" classname="tests.LoginTest"/>
  <testcase name="doLogin" time="0.771" classname="tests.LoginTest"/>
</testsuite> <!-- tests.LoginTest -->
