<?xml version="1.0" encoding="UTF-8"?>
<!-- Generated by org.testng.reporters.JUnitReportReporter -->
<testsuite skipped="0" hostname="DESKTOP-F8039K4"
	name="tests.AddCategory1" tests="1" failures="0"
	timestamp="13 May 2019 06:30:02 GMT" time="1.909" errors="0">
	<testcase name="addCat" time="1.909"
		classname="tests.AddCategory1" />
</testsuite> <!-- tests.AddCategory1 -->
