<?xml version="1.0" encoding="UTF-8"?>
<!-- Generated by org.testng.reporters.JUnitReportReporter -->
<testsuite skipped="0" hostname="DESKTOP-F8039K4"
	name="tests.AddCategory" tests="4" failures="0"
	timestamp="14 May 2019 07:30:41 GMT" time="0.129" errors="0">
	<testcase name="addCat" time="0.021"
		classname="tests.AddCategory" />
	<testcase name="addCat" time="0.070"
		classname="tests.AddCategory" />
	<testcase name="addCat" time="0.020"
		classname="tests.AddCategory" />
	<testcase name="addCat" time="0.018"
		classname="tests.AddCategory" />
</testsuite> <!-- tests.AddCategory -->
