<?xml version="1.0" encoding="UTF-8"?>
<!-- Generated by org.testng.reporters.JUnitReportReporter -->
<testsuite skipped="0" hostname="DESKTOP-F8039K4"
	name="tests.Temptest" tests="1" failures="0"
	timestamp="13 May 2019 12:28:58 GMT" time="0.007" errors="0">
	<testcase name="test01" time="0.007"
		classname="tests.Temptest" />
</testsuite> <!-- tests.Temptest -->
