<?xml version="1.0" encoding="UTF-8"?>
<!-- Generated by org.testng.reporters.JUnitReportReporter -->
<testsuite skipped="0" hostname="DESKTOP-F8039K4" name="tests.LoginTest" tests="3" failures="0" timestamp="15 May 2019 08:53:26 GMT" time="3.407" errors="0">
  <testcase name="doLogin" time="1.715" classname="tests.LoginTest"/>
  <testcase name="doLogin" time="0.833" classname="tests.LoginTest"/>
  <testcase name="doLogin" time="0.859" classname="tests.LoginTest"/>
</testsuite> <!-- tests.LoginTest -->
